Using pre-set license
Built from '2020.3/staging' branch; Version is '2020.3.4f1 (0abb6314276a) revision 703331'; Using compiler version '192528614'; Build Type 'Release'
OS: 'Windows 10 Pro; OS build 19042.1288; Version 2009; 64bit' Language: 'ja' Physical Memory: 32685 MB
BatchMode: 1, IsHumanControllingUs: 0, StartBugReporterOnCrash: 0, Is64bit: 1, IsPro: 0

 COMMAND LINE ARGUMENTS:
D:\Unity\2020.3.4f1\Editor\Unity.exe
-adb2
-batchMode
-noUpm
-name
AssetImportWorker0
-projectPath
C:/Users/student/Desktop/Mitasy_Killing_Project/Mitasy_Killing_Project
-logFile
Logs/AssetImportWorker0.log
-srvPort
64624
Successfully changed project path to: C:/Users/student/Desktop/Mitasy_Killing_Project/Mitasy_Killing_Project
C:/Users/student/Desktop/Mitasy_Killing_Project/Mitasy_Killing_Project
Using Asset Import Pipeline V2.
Refreshing native plugins compatible for Editor in 20.64 ms, found 0 plugins.
Preloading 0 native plugins for Editor in 0.00 ms.
Initialize engine version: 2020.3.4f1 (0abb6314276a)
[Subsystems] Discovering subsystems at path D:/Unity/2020.3.4f1/Editor/Data/Resources/UnitySubsystems
[Subsystems] Discovering subsystems at path C:/Users/student/Desktop/Mitasy_Killing_Project/Mitasy_Killing_Project/Assets
GfxDevice: creating device client; threaded=0
Direct3D:
    Version:  Direct3D 11.0 [level 11.1]
    Renderer: NVIDIA GeForce RTX 2080 (ID=0x1e82)
    Vendor:   
    VRAM:     8010 MB
    Driver:   27.21.14.5671
Initialize mono
Mono path[0] = 'D:/Unity/2020.3.4f1/Editor/Data/Managed'
Mono path[1] = 'D:/Unity/2020.3.4f1/Editor/Data/MonoBleedingEdge/lib/mono/unityjit'
Mono config path = 'D:/Unity/2020.3.4f1/Editor/Data/MonoBleedingEdge/etc'
Using monoOptions --debugger-agent=transport=dt_socket,embedding=1,server=y,suspend=n,address=127.0.0.1:56216
Begin MonoManager ReloadAssembly
Registering precompiled unity dll's ...
Register platform support module: D:/Unity/2020.3.4f1/Editor/Data/PlaybackEngines/WebGLSupport/UnityEditor.WebGL.Extensions.dll
Register platform support module: D:/Unity/2020.3.4f1/Editor/Data/PlaybackEngines/WindowsStandaloneSupport/UnityEditor.WindowsStandalone.Extensions.dll
Registered in 0.001984 seconds.
Native extension for WindowsStandalone target not found
Native extension for WebGL target not found
Refreshing native plugins compatible for Editor in 18.08 ms, found 0 plugins.
Preloading 0 native plugins for Editor in 0.00 ms.
Mono: successfully reloaded assembly
- Completed reload, in  0.752 seconds
Platform modules already initialized, skipping
Registering precompiled user dll's ...
Registered in 0.002707 seconds.
Begin MonoManager ReloadAssembly
Native extension for WindowsStandalone target not found
Native extension for WebGL target not found
Refreshing native plugins compatible for Editor in 0.17 ms, found 0 plugins.
Preloading 0 native plugins for Editor in 0.00 ms.
Mono: successfully reloaded assembly
- Completed reload, in  0.659 seconds
Platform modules already initialized, skipping
========================================================================
Worker process is ready to serve import requests
Launched and connected shader compiler UnityShaderCompiler.exe after 0.06 seconds
Refreshing native plugins compatible for Editor in 0.17 ms, found 0 plugins.
Preloading 0 native plugins for Editor in 0.00 ms.
Unloading 1115 Unused Serialized files (Serialized files now loaded: 0)
System memory in use before: 57.1 MB.
System memory in use after: 57.2 MB.

Unloading 10 unused Assets to reduce memory usage. Loaded Objects now: 1558.
Total: 1.372300 ms (FindLiveObjects: 0.103400 ms CreateObjectMapping: 0.029400 ms MarkObjects: 1.183600 ms  DeleteObjects: 0.055300 ms)

========================================================================
Received Import Request.
  path: Assets/Scenes/GameScene.unity
  artifactKey: Guid(c6c8aeeca65414f4682aa17903255438) Importer(815301076,1909f56bfc062723c751e8b465ee728b)
Start importing Assets/Scenes/GameScene.unity using Guid(c6c8aeeca65414f4682aa17903255438) Importer(815301076,1909f56bfc062723c751e8b465ee728b)  -> (artifact id: '720965e96d448df08eba401b5c56f2c4') in 0.025709 seconds
  Import took 0.027071 seconds .

========================================================================
Received Import Request.
  Time since last request: 122.891948 seconds.
  path: Assets/Script
  artifactKey: Guid(ead81f3a8d109bb49ab081b33341ba8d) Importer(815301076,1909f56bfc062723c751e8b465ee728b)
Start importing Assets/Script using Guid(ead81f3a8d109bb49ab081b33341ba8d) Importer(815301076,1909f56bfc062723c751e8b465ee728b)  -> (artifact id: '4dd2368c9f761ad81ca6f971db65cbeb') in 0.022290 seconds
  Import took 0.023793 seconds .

========================================================================
Received Import Request.
  Time since last request: 123.744839 seconds.
  path: Assets/RustyBlackShovel/FBX
  artifactKey: Guid(4fd84cc939e48d04790982216ae84222) Importer(815301076,1909f56bfc062723c751e8b465ee728b)
Start importing Assets/RustyBlackShovel/FBX using Guid(4fd84cc939e48d04790982216ae84222) Importer(815301076,1909f56bfc062723c751e8b465ee728b)  -> (artifact id: '8a0ca9598feb5e75e34ef2f6fd393b8d') in 0.018415 seconds
  Import took 0.020111 seconds .

========================================================================
Received Import Request.
  Time since last request: 9.602483 seconds.
  path: Assets/Horror_Axe/Prefabs
  artifactKey: Guid(bf221ae302519a34cb5abf8b9e40b72d) Importer(815301076,1909f56bfc062723c751e8b465ee728b)
Start importing Assets/Horror_Axe/Prefabs using Guid(bf221ae302519a34cb5abf8b9e40b72d) Importer(815301076,1909f56bfc062723c751e8b465ee728b)  -> (artifact id: '6f51c7b749f26dd719464b2433116b04') in 0.014526 seconds
  Import took 0.016089 seconds .

========================================================================
Received Import Request.
  Time since last request: 0.034393 seconds.
  path: Assets/Horror_Axe/Prefabs/HRR_Axe_01.prefab
  artifactKey: Guid(1c3945bda9991a64bb0a8ee9ea89a37c) Importer(815301076,1909f56bfc062723c751e8b465ee728b)
Start importing Assets/Horror_Axe/Prefabs/HRR_Axe_01.prefab using Guid(1c3945bda9991a64bb0a8ee9ea89a37c) Importer(815301076,1909f56bfc062723c751e8b465ee728b)  -> (artifact id: 'c662be3a974777e22a9132e78a546207') in 0.147106 seconds
  Import took 0.148667 seconds .

========================================================================
Received Import Request.
  Time since last request: 0.000290 seconds.
  path: Assets/Horror_Axe/Prefabs/HRR_Axe_02.prefab
  artifactKey: Guid(aa90fd891e355a14bac53d549b545c70) Importer(815301076,1909f56bfc062723c751e8b465ee728b)
Start importing Assets/Horror_Axe/Prefabs/HRR_Axe_02.prefab using Guid(aa90fd891e355a14bac53d549b545c70) Importer(815301076,1909f56bfc062723c751e8b465ee728b)  -> (artifact id: '0f94477f0a42cdd5bf2ab1711ebd5a4b') in 0.048887 seconds
  Import took 0.050723 seconds .

========================================================================
Received Import Request.
  Time since last request: 3.978328 seconds.
  path: Assets/Horror_Axe/Materials
  artifactKey: Guid(6774efde52534bf4da24c144b911c554) Importer(815301076,1909f56bfc062723c751e8b465ee728b)
Start importing Assets/Horror_Axe/Materials using Guid(6774efde52534bf4da24c144b911c554) Importer(815301076,1909f56bfc062723c751e8b465ee728b)  -> (artifact id: '5a776463e8ba918c8b358d7de929ebcc') in 0.015343 seconds
  Import took 0.016788 seconds .

========================================================================
Received Import Request.
  Time since last request: 0.931636 seconds.
  path: Assets/Horror_Axe/Meshes/SM_HRR_Axe_01.obj
  artifactKey: Guid(a974e37f7e308b14fa7e7026bce9d354) Importer(815301076,1909f56bfc062723c751e8b465ee728b)
Start importing Assets/Horror_Axe/Meshes/SM_HRR_Axe_01.obj using Guid(a974e37f7e308b14fa7e7026bce9d354) Importer(815301076,1909f56bfc062723c751e8b465ee728b)  -> (artifact id: '2085ef2f5f37d991d1690faab10c89a7') in 0.115856 seconds
  Import took 0.117961 seconds .

========================================================================
Received Import Request.
  Time since last request: 11.391136 seconds.
  path: Assets/Shadowball Games/PBR Pickaxe/Models
  artifactKey: Guid(f669dff52149af84da34d308634d29c1) Importer(815301076,1909f56bfc062723c751e8b465ee728b)
Start importing Assets/Shadowball Games/PBR Pickaxe/Models using Guid(f669dff52149af84da34d308634d29c1) Importer(815301076,1909f56bfc062723c751e8b465ee728b)  -> (artifact id: '8b0653d426b789cafae304b22ed2c097') in 0.021396 seconds
  Import took 0.022966 seconds .

========================================================================
Received Import Request.
  Time since last request: 141.188329 seconds.
  path: Assets/Script/SceneLoad.cs
  artifactKey: Guid(39db85a6d49af4542bfc62bc0536c0e2) Importer(815301076,1909f56bfc062723c751e8b465ee728b)
Start importing Assets/Script/SceneLoad.cs using Guid(39db85a6d49af4542bfc62bc0536c0e2) Importer(815301076,1909f56bfc062723c751e8b465ee728b)  -> (artifact id: 'd0580bf849973ec0f81a4efec538ec2c') in 0.035937 seconds
  Import took 0.037495 seconds .

========================================================================
Received Import Request.
  Time since last request: 54.099320 seconds.
  path: Assets/Script/SceneLoad.cs
  artifactKey: Guid(39db85a6d49af4542bfc62bc0536c0e2) Importer(815301076,1909f56bfc062723c751e8b465ee728b)
Start importing Assets/Script/SceneLoad.cs using Guid(39db85a6d49af4542bfc62bc0536c0e2) Importer(815301076,1909f56bfc062723c751e8b465ee728b)  -> (artifact id: '0b2704b521cd9dc3dee1e272ba6bee76') in 0.014478 seconds
  Import took 0.015957 seconds .

========================================================================
Received Import Request.
  Time since last request: 37.774433 seconds.
  path: Assets/Script/SceneLoad.cs
  artifactKey: Guid(39db85a6d49af4542bfc62bc0536c0e2) Importer(815301076,1909f56bfc062723c751e8b465ee728b)
Start importing Assets/Script/SceneLoad.cs using Guid(39db85a6d49af4542bfc62bc0536c0e2) Importer(815301076,1909f56bfc062723c751e8b465ee728b)  -> (artifact id: 'e478737c9e6cb3d5aeccf390cef421d2') in 0.015168 seconds
  Import took 0.016728 seconds .

========================================================================
Received Prepare
Registering precompiled user dll's ...
Registered in 0.002745 seconds.
Begin MonoManager ReloadAssembly
Native extension for WindowsStandalone target not found
Native extension for WebGL target not found
Refreshing native plugins compatible for Editor in 0.18 ms, found 0 plugins.
Preloading 0 native plugins for Editor in 0.00 ms.
Mono: successfully reloaded assembly
- Completed reload, in  0.635 seconds
Platform modules already initialized, skipping
Refreshing native plugins compatible for Editor in 0.17 ms, found 0 plugins.
Preloading 0 native plugins for Editor in 0.00 ms.
Unloading 1111 Unused Serialized files (Serialized files now loaded: 0)
System memory in use before: 60.4 MB.
System memory in use after: 60.5 MB.

Unloading 5 unused Assets to reduce memory usage. Loaded Objects now: 1572.
Total: 1.306500 ms (FindLiveObjects: 0.095000 ms CreateObjectMapping: 0.023300 ms MarkObjects: 1.153100 ms  DeleteObjects: 0.034400 ms)

========================================================================
Received Prepare
Registering precompiled user dll's ...
Registered in 0.002867 seconds.
Begin MonoManager ReloadAssembly
Native extension for WindowsStandalone target not found
Native extension for WebGL target not found
Refreshing native plugins compatible for Editor in 0.18 ms, found 0 plugins.
Preloading 0 native plugins for Editor in 0.00 ms.
Mono: successfully reloaded assembly
- Completed reload, in  0.627 seconds
Platform modules already initialized, skipping
Refreshing native plugins compatible for Editor in 0.17 ms, found 0 plugins.
Preloading 0 native plugins for Editor in 0.00 ms.
Unloading 1111 Unused Serialized files (Serialized files now loaded: 0)
System memory in use before: 60.4 MB.
System memory in use after: 60.5 MB.

Unloading 5 unused Assets to reduce memory usage. Loaded Objects now: 1575.
Total: 1.277200 ms (FindLiveObjects: 0.106900 ms CreateObjectMapping: 0.029400 ms MarkObjects: 1.104800 ms  DeleteObjects: 0.035400 ms)

========================================================================
Received Prepare
Registering precompiled user dll's ...
Registered in 0.002706 seconds.
Begin MonoManager ReloadAssembly
Native extension for WindowsStandalone target not found
Native extension for WebGL target not found
Refreshing native plugins compatible for Editor in 0.18 ms, found 0 plugins.
Preloading 0 native plugins for Editor in 0.00 ms.
Mono: successfully reloaded assembly
- Completed reload, in  0.644 seconds
Platform modules already initialized, skipping
Refreshing native plugins compatible for Editor in 0.17 ms, found 0 plugins.
Preloading 0 native plugins for Editor in 0.00 ms.
Unloading 1111 Unused Serialized files (Serialized files now loaded: 0)
System memory in use before: 60.5 MB.
System memory in use after: 60.5 MB.

Unloading 5 unused Assets to reduce memory usage. Loaded Objects now: 1578.
Total: 1.322200 ms (FindLiveObjects: 0.094300 ms CreateObjectMapping: 0.025700 ms MarkObjects: 1.166400 ms  DeleteObjects: 0.035200 ms)

========================================================================
Received Prepare
Registering precompiled user dll's ...
Registered in 0.002933 seconds.
Begin MonoManager ReloadAssembly
Native extension for WindowsStandalone target not found
Native extension for WebGL target not found
Refreshing native plugins compatible for Editor in 0.19 ms, found 0 plugins.
Preloading 0 native plugins for Editor in 0.00 ms.
Mono: successfully reloaded assembly
- Completed reload, in  0.687 seconds
Platform modules already initialized, skipping
Refreshing native plugins compatible for Editor in 0.17 ms, found 0 plugins.
Preloading 0 native plugins for Editor in 0.00 ms.
Unloading 1111 Unused Serialized files (Serialized files now loaded: 0)
System memory in use before: 60.5 MB.
System memory in use after: 60.5 MB.

Unloading 5 unused Assets to reduce memory usage. Loaded Objects now: 1581.
Total: 1.393700 ms (FindLiveObjects: 0.111800 ms CreateObjectMapping: 0.031200 ms MarkObjects: 1.213200 ms  DeleteObjects: 0.036300 ms)

========================================================================
Received Prepare
Registering precompiled user dll's ...
Registered in 0.003110 seconds.
Begin MonoManager ReloadAssembly
Native extension for WindowsStandalone target not found
Native extension for WebGL target not found
Refreshing native plugins compatible for Editor in 0.17 ms, found 0 plugins.
Preloading 0 native plugins for Editor in 0.00 ms.
Mono: successfully reloaded assembly
- Completed reload, in  0.631 seconds
Platform modules already initialized, skipping
Refreshing native plugins compatible for Editor in 0.18 ms, found 0 plugins.
Preloading 0 native plugins for Editor in 0.00 ms.
Unloading 1111 Unused Serialized files (Serialized files now loaded: 0)
System memory in use before: 60.5 MB.
System memory in use after: 60.5 MB.

Unloading 5 unused Assets to reduce memory usage. Loaded Objects now: 1584.
Total: 1.333000 ms (FindLiveObjects: 0.092100 ms CreateObjectMapping: 0.024100 ms MarkObjects: 1.182700 ms  DeleteObjects: 0.033500 ms)

========================================================================
Received Prepare
Registering precompiled user dll's ...
Registered in 0.003037 seconds.
Begin MonoManager ReloadAssembly
Native extension for WindowsStandalone target not found
Native extension for WebGL target not found
Refreshing native plugins compatible for Editor in 0.18 ms, found 0 plugins.
Preloading 0 native plugins for Editor in 0.00 ms.
Mono: successfully reloaded assembly
- Completed reload, in  0.622 seconds
Platform modules already initialized, skipping
Refreshing native plugins compatible for Editor in 0.17 ms, found 0 plugins.
Preloading 0 native plugins for Editor in 0.00 ms.
Unloading 1111 Unused Serialized files (Serialized files now loaded: 0)
System memory in use before: 60.5 MB.
System memory in use after: 60.5 MB.

Unloading 5 unused Assets to reduce memory usage. Loaded Objects now: 1587.
Total: 1.317600 ms (FindLiveObjects: 0.098100 ms CreateObjectMapping: 0.025500 ms MarkObjects: 1.160400 ms  DeleteObjects: 0.033100 ms)

========================================================================
Received Prepare
Registering precompiled user dll's ...
Registered in 0.002777 seconds.
Begin MonoManager ReloadAssembly
Native extension for WindowsStandalone target not found
Native extension for WebGL target not found
Refreshing native plugins compatible for Editor in 0.18 ms, found 0 plugins.
Preloading 0 native plugins for Editor in 0.00 ms.
Mono: successfully reloaded assembly
- Completed reload, in  0.642 seconds
Platform modules already initialized, skipping
Refreshing native plugins compatible for Editor in 0.18 ms, found 0 plugins.
Preloading 0 native plugins for Editor in 0.00 ms.
Unloading 1111 Unused Serialized files (Serialized files now loaded: 0)
System memory in use before: 60.5 MB.
System memory in use after: 60.6 MB.

Unloading 5 unused Assets to reduce memory usage. Loaded Objects now: 1590.
Total: 1.262500 ms (FindLiveObjects: 0.097200 ms CreateObjectMapping: 0.026500 ms MarkObjects: 1.100000 ms  DeleteObjects: 0.038200 ms)

========================================================================
Received Import Request.
  Time since last request: 873.758236 seconds.
  path: Assets/Sozai/ten-glossy-shiny-wide-empty-buttons_1017-24265.png
  artifactKey: Guid(bb46521446132a14ea85cf1fc6aa8c5b) Importer(815301076,1909f56bfc062723c751e8b465ee728b)
Start importing Assets/Sozai/ten-glossy-shiny-wide-empty-buttons_1017-24265.png using Guid(bb46521446132a14ea85cf1fc6aa8c5b) Importer(815301076,1909f56bfc062723c751e8b465ee728b)  -> (artifact id: 'f00c7e9c9dc19318c90455d43e170f75') in 0.062117 seconds
  Import took 0.063778 seconds .

========================================================================
Received Import Request.
  Time since last request: 8.130501 seconds.
  path: Assets/Sozai/ten-glossy-shiny-wide-empty-buttons_1017-24265.png
  artifactKey: Guid(bb46521446132a14ea85cf1fc6aa8c5b) Importer(815301076,1909f56bfc062723c751e8b465ee728b)
Start importing Assets/Sozai/ten-glossy-shiny-wide-empty-buttons_1017-24265.png using Guid(bb46521446132a14ea85cf1fc6aa8c5b) Importer(815301076,1909f56bfc062723c751e8b465ee728b)  -> (artifact id: '44453a8ace9820d0091264ed4d786074') in 0.046859 seconds
  Import took 0.048718 seconds .

========================================================================
Received Import Request.
  Time since last request: 113.562647 seconds.
  path: Assets/Sozai/ten-glossy-shiny-wide-empty-buttons_1017-24265 1.png
  artifactKey: Guid(6145b91ce152a9d4a8ce0377e0470121) Importer(815301076,1909f56bfc062723c751e8b465ee728b)
Start importing Assets/Sozai/ten-glossy-shiny-wide-empty-buttons_1017-24265 1.png using Guid(6145b91ce152a9d4a8ce0377e0470121) Importer(815301076,1909f56bfc062723c751e8b465ee728b)  -> (artifact id: '22a20ea691df883976a0665138fc3958') in 0.033527 seconds
  Import took 0.035341 seconds .

========================================================================
Received Import Request.
  Time since last request: 14.653605 seconds.
  path: Assets/Sozai/ten-glossy-shiny-wide-empty-buttons_1017-24265 1.png
  artifactKey: Guid(6145b91ce152a9d4a8ce0377e0470121) Importer(815301076,1909f56bfc062723c751e8b465ee728b)
Start importing Assets/Sozai/ten-glossy-shiny-wide-empty-buttons_1017-24265 1.png using Guid(6145b91ce152a9d4a8ce0377e0470121) Importer(815301076,1909f56bfc062723c751e8b465ee728b)  -> (artifact id: 'bbb63a7b15e17fb859735a3e96a70693') in 0.033548 seconds
  Import took 0.035257 seconds .

========================================================================
Received Import Request.
  Time since last request: 61.281373 seconds.
  path: Assets/Sozai/ten-glossy-shiny-wide-empty-buttons_1017-24265 1.png
  artifactKey: Guid(6145b91ce152a9d4a8ce0377e0470121) Importer(815301076,1909f56bfc062723c751e8b465ee728b)
Start importing Assets/Sozai/ten-glossy-shiny-wide-empty-buttons_1017-24265 1.png using Guid(6145b91ce152a9d4a8ce0377e0470121) Importer(815301076,1909f56bfc062723c751e8b465ee728b)  -> (artifact id: '13c3b682cf108c478e3fb16d24990029') in 0.029507 seconds
  Import took 0.031074 seconds .

========================================================================
Received Import Request.
  Time since last request: 7.002477 seconds.
  path: Assets/Sozai/ten-glossy-shiny-wide-empty-buttons_1017-24265 1.png
  artifactKey: Guid(6145b91ce152a9d4a8ce0377e0470121) Importer(815301076,1909f56bfc062723c751e8b465ee728b)
Start importing Assets/Sozai/ten-glossy-shiny-wide-empty-buttons_1017-24265 1.png using Guid(6145b91ce152a9d4a8ce0377e0470121) Importer(815301076,1909f56bfc062723c751e8b465ee728b)  -> (artifact id: '315fed08fbc4e9f24689a69cee55b5ad') in 0.044271 seconds
  Import took 0.046174 seconds .

========================================================================
Received Import Request.
  Time since last request: 52.836706 seconds.
  path: Assets/Sozai/ten-glossy-shiny-wide-empty-buttons_1017-24265 1.png
  artifactKey: Guid(6145b91ce152a9d4a8ce0377e0470121) Importer(815301076,1909f56bfc062723c751e8b465ee728b)
Start importing Assets/Sozai/ten-glossy-shiny-wide-empty-buttons_1017-24265 1.png using Guid(6145b91ce152a9d4a8ce0377e0470121) Importer(815301076,1909f56bfc062723c751e8b465ee728b)  -> (artifact id: 'aebd695083eb5e5d66a21efcfb88de34') in 0.026680 seconds
  Import took 0.028238 seconds .

========================================================================
Received Import Request.
  Time since last request: 6.241451 seconds.
  path: Assets/Sozai/ten-glossy-shiny-wide-empty-buttons_1017-24265 1.png
  artifactKey: Guid(6145b91ce152a9d4a8ce0377e0470121) Importer(815301076,1909f56bfc062723c751e8b465ee728b)
Start importing Assets/Sozai/ten-glossy-shiny-wide-empty-buttons_1017-24265 1.png using Guid(6145b91ce152a9d4a8ce0377e0470121) Importer(815301076,1909f56bfc062723c751e8b465ee728b)  -> (artifact id: 'd10baac696369f3ebbac0acf2bd2d77b') in 0.036800 seconds
  Import took 0.040051 seconds .

========================================================================
Received Prepare
Registering precompiled user dll's ...
Registered in 0.002823 seconds.
Begin MonoManager ReloadAssembly
Native extension for WindowsStandalone target not found
Native extension for WebGL target not found
Refreshing native plugins compatible for Editor in 0.18 ms, found 0 plugins.
Preloading 0 native plugins for Editor in 0.00 ms.
Mono: successfully reloaded assembly
- Completed reload, in  0.637 seconds
Platform modules already initialized, skipping
Refreshing native plugins compatible for Editor in 0.18 ms, found 0 plugins.
Preloading 0 native plugins for Editor in 0.00 ms.
Unloading 1111 Unused Serialized files (Serialized files now loaded: 0)
System memory in use before: 60.5 MB.
System memory in use after: 60.6 MB.

Unloading 5 unused Assets to reduce memory usage. Loaded Objects now: 1601.
Total: 1.327100 ms (FindLiveObjects: 0.095200 ms CreateObjectMapping: 0.025100 ms MarkObjects: 1.173200 ms  DeleteObjects: 0.033000 ms)

========================================================================
Received Prepare
Registering precompiled user dll's ...
Registered in 0.002903 seconds.
Begin MonoManager ReloadAssembly
Native extension for WindowsStandalone target not found
Native extension for WebGL target not found
Refreshing native plugins compatible for Editor in 0.18 ms, found 0 plugins.
Preloading 0 native plugins for Editor in 0.00 ms.
Mono: successfully reloaded assembly
- Completed reload, in  0.624 seconds
Platform modules already initialized, skipping
Refreshing native plugins compatible for Editor in 0.18 ms, found 0 plugins.
Preloading 0 native plugins for Editor in 0.00 ms.
Unloading 1111 Unused Serialized files (Serialized files now loaded: 0)
System memory in use before: 60.5 MB.
System memory in use after: 60.6 MB.

Unloading 5 unused Assets to reduce memory usage. Loaded Objects now: 1604.
Total: 1.360400 ms (FindLiveObjects: 0.120700 ms CreateObjectMapping: 0.032200 ms MarkObjects: 1.170400 ms  DeleteObjects: 0.036300 ms)

========================================================================
Received Import Request.
  Time since last request: 419.269871 seconds.
  path: Assets/Sozai/kusa_simple4.png
  artifactKey: Guid(e37304c7b74718040981c95378b9f750) Importer(815301076,1909f56bfc062723c751e8b465ee728b)
Start importing Assets/Sozai/kusa_simple4.png using Guid(e37304c7b74718040981c95378b9f750) Importer(815301076,1909f56bfc062723c751e8b465ee728b)  -> (artifact id: 'fc4694e3188460d2a2712f0dde109195') in 0.052050 seconds
  Import took 0.053954 seconds .

========================================================================
Received Import Request.
  Time since last request: 5.626714 seconds.
  path: Assets/Sozai/kusa_simple4.png
  artifactKey: Guid(e37304c7b74718040981c95378b9f750) Importer(815301076,1909f56bfc062723c751e8b465ee728b)
Start importing Assets/Sozai/kusa_simple4.png using Guid(e37304c7b74718040981c95378b9f750) Importer(815301076,1909f56bfc062723c751e8b465ee728b)  -> (artifact id: '7ef38dce4368186cdeb950b8f909fca4') in 0.041623 seconds
  Import took 0.043327 seconds .

========================================================================
Received Import Request.
  Time since last request: 7.820558 seconds.
  path: Assets/Scenes/TitelScene.unity
  artifactKey: Guid(9fc0d4010bbf28b4594072e72b8655ab) Importer(815301076,1909f56bfc062723c751e8b465ee728b)
Start importing Assets/Scenes/TitelScene.unity using Guid(9fc0d4010bbf28b4594072e72b8655ab) Importer(815301076,1909f56bfc062723c751e8b465ee728b)  -> (artifact id: '9dfc0e044186b91e3ccabc4e3acb6707') in 0.015506 seconds
  Import took 0.017083 seconds .

========================================================================
Received Import Request.
  Time since last request: 1053.579535 seconds.
  path: Assets/Sozai/bg_ground.png
  artifactKey: Guid(d03b1e48be351474abd42fa8e2318770) Importer(815301076,1909f56bfc062723c751e8b465ee728b)
Start importing Assets/Sozai/bg_ground.png using Guid(d03b1e48be351474abd42fa8e2318770) Importer(815301076,1909f56bfc062723c751e8b465ee728b)  -> (artifact id: '1ed98ed658c0db2359539b9e57619011') in 0.039944 seconds
  Import took 0.041908 seconds .

========================================================================
Received Import Request.
  Time since last request: 77.432622 seconds.
  path: Assets/Sozai/bg_ground.png
  artifactKey: Guid(d03b1e48be351474abd42fa8e2318770) Importer(815301076,1909f56bfc062723c751e8b465ee728b)
Start importing Assets/Sozai/bg_ground.png using Guid(d03b1e48be351474abd42fa8e2318770) Importer(815301076,1909f56bfc062723c751e8b465ee728b)  -> (artifact id: '4718720d9d9ee945c13ad8dbea4c6b3f') in 0.034176 seconds
  Import took 0.035764 seconds .

========================================================================
Received Import Request.
  Time since last request: 561.500637 seconds.
  path: Assets/RustyBlackShovel/Scenes
  artifactKey: Guid(56ea620dec27c43419b2ce31af33e565) Importer(815301076,1909f56bfc062723c751e8b465ee728b)
Start importing Assets/RustyBlackShovel/Scenes using Guid(56ea620dec27c43419b2ce31af33e565) Importer(815301076,1909f56bfc062723c751e8b465ee728b)  -> (artifact id: 'f24edfcc35cb62ab2ee3008aa628301a') in 0.014930 seconds
  Import took 0.016475 seconds .

========================================================================
Received Import Request.
  Time since last request: 430.488394 seconds.
  path: Assets/RustyBlackShovel
  artifactKey: Guid(0b5a493de7a96ae409a2998b91c4e4d2) Importer(815301076,1909f56bfc062723c751e8b465ee728b)
Start importing Assets/RustyBlackShovel using Guid(0b5a493de7a96ae409a2998b91c4e4d2) Importer(815301076,1909f56bfc062723c751e8b465ee728b)  -> (artifact id: '318bff00059cef1a762dff5ed7fb385d') in 0.019495 seconds
  Import took 0.021380 seconds .

========================================================================
Received Import Request.
  Time since last request: 0.853056 seconds.
  path: Assets/Horror_Axe
  artifactKey: Guid(1f563694ee900f84c9d47237e7ef129b) Importer(815301076,1909f56bfc062723c751e8b465ee728b)
Start importing Assets/Horror_Axe using Guid(1f563694ee900f84c9d47237e7ef129b) Importer(815301076,1909f56bfc062723c751e8b465ee728b)  -> (artifact id: '661ac75879db8fe3932eab97767554f6') in 0.021968 seconds
  Import took 0.023677 seconds .

========================================================================
Received Import Request.
  Time since last request: 0.787488 seconds.
  path: Assets/Shadowball Games
  artifactKey: Guid(4a236341975618d43907f7de923a7fef) Importer(815301076,1909f56bfc062723c751e8b465ee728b)
Start importing Assets/Shadowball Games using Guid(4a236341975618d43907f7de923a7fef) Importer(815301076,1909f56bfc062723c751e8b465ee728b)  -> (artifact id: '0940a388d1434fd5ffd43fb2468406c9') in 0.019250 seconds
  Import took 0.020749 seconds .

========================================================================
Received Prepare
Registering precompiled user dll's ...
Registered in 0.002781 seconds.
Begin MonoManager ReloadAssembly
Native extension for WindowsStandalone target not found
Native extension for WebGL target not found
Refreshing native plugins compatible for Editor in 0.17 ms, found 0 plugins.
Preloading 0 native plugins for Editor in 0.00 ms.
Mono: successfully reloaded assembly
- Completed reload, in  0.635 seconds
Platform modules already initialized, skipping
Refreshing native plugins compatible for Editor in 0.17 ms, found 0 plugins.
Preloading 0 native plugins for Editor in 0.00 ms.
Unloading 1111 Unused Serialized files (Serialized files now loaded: 0)
System memory in use before: 60.5 MB.
System memory in use after: 60.6 MB.

Unloading 5 unused Assets to reduce memory usage. Loaded Objects now: 1613.
Total: 1.353900 ms (FindLiveObjects: 0.098400 ms CreateObjectMapping: 0.027600 ms MarkObjects: 1.188500 ms  DeleteObjects: 0.038700 ms)

========================================================================
Received Import Request.
  Time since last request: 654.689814 seconds.
  path: Assets/Prefab
  artifactKey: Guid(381b4945c594ba247942b94814c91d28) Importer(815301076,1909f56bfc062723c751e8b465ee728b)
Start importing Assets/Prefab using Guid(381b4945c594ba247942b94814c91d28) Importer(815301076,1909f56bfc062723c751e8b465ee728b)  -> (artifact id: '3ea92ff0ac58c1b1620e29bf00847677') in 0.029292 seconds
  Import took 0.031159 seconds .

========================================================================
Received Import Request.
  Time since last request: 2.995554 seconds.
  path: Assets/Prefab/Hole.prefab
  artifactKey: Guid(ff530654652560443a083e9306b758de) Importer(815301076,1909f56bfc062723c751e8b465ee728b)
Start importing Assets/Prefab/Hole.prefab using Guid(ff530654652560443a083e9306b758de) Importer(815301076,1909f56bfc062723c751e8b465ee728b)  -> (artifact id: 'e05872b34edc2e769d3e6c32ce7d1f72') in 0.045513 seconds
  Import took 0.047142 seconds .

========================================================================
Received Import Request.
  Time since last request: 2204.178911 seconds.
  path: Assets/Prefab/Hole.prefab
  artifactKey: Guid(ff530654652560443a083e9306b758de) Importer(815301076,1909f56bfc062723c751e8b465ee728b)
Start importing Assets/Prefab/Hole.prefab using Guid(ff530654652560443a083e9306b758de) Importer(815301076,1909f56bfc062723c751e8b465ee728b)  -> (artifact id: '51c87a980bc7f5c6c25dde8d7c8b6559') in 0.021405 seconds
  Import took 0.023329 seconds .

========================================================================
Received Import Request.
  Time since last request: 40.468383 seconds.
  path: Assets/Prefab/Hole.prefab
  artifactKey: Guid(ff530654652560443a083e9306b758de) Importer(815301076,1909f56bfc062723c751e8b465ee728b)
Start importing Assets/Prefab/Hole.prefab using Guid(ff530654652560443a083e9306b758de) Importer(815301076,1909f56bfc062723c751e8b465ee728b)  -> (artifact id: 'b9dc05c4889a617c1eb8142ab74b571e') in 0.021828 seconds
  Import took 0.023502 seconds .

========================================================================
Received Prepare
Registering precompiled user dll's ...
Registered in 0.002772 seconds.
Begin MonoManager ReloadAssembly
Native extension for WindowsStandalone target not found
Native extension for WebGL target not found
Refreshing native plugins compatible for Editor in 0.18 ms, found 0 plugins.
Preloading 0 native plugins for Editor in 0.00 ms.
Mono: successfully reloaded assembly
- Completed reload, in  0.630 seconds
Platform modules already initialized, skipping
Refreshing native plugins compatible for Editor in 0.17 ms, found 0 plugins.
Preloading 0 native plugins for Editor in 0.00 ms.
Unloading 1111 Unused Serialized files (Serialized files now loaded: 0)
System memory in use before: 60.5 MB.
System memory in use after: 60.6 MB.

Unloading 5 unused Assets to reduce memory usage. Loaded Objects now: 1616.
Total: 1.318700 ms (FindLiveObjects: 0.102300 ms CreateObjectMapping: 0.027000 ms MarkObjects: 1.150500 ms  DeleteObjects: 0.038200 ms)

AssetImportWorkerClient::OnTransportError - code=2 error=End of file
